<?xml version="1.0" encoding="UTF-8"?>
<testng-results skipped="2" failed="0" total="2" passed="0">
  <reporter-output>
  </reporter-output>
  <suite name="Tests" duration-ms="2178" started-at="2016-08-12T12:04:30Z" finished-at="2016-08-12T12:04:32Z">
    <groups>
    </groups>
    <test name="Test1" duration-ms="2178" started-at="2016-08-12T12:04:30Z" finished-at="2016-08-12T12:04:32Z">
      <class name="com.microsoft.mysearch.qa.pages.HomePageTest">
        <test-method status="PASS" signature="init()[pri:0, instance:com.microsoft.mysearch.qa.pages.HomePageTest@4e04a765]" name="init" is-config="true" duration-ms="2057" started-at="2016-08-12T14:04:30Z" finished-at="2016-08-12T14:04:32Z">
          <reporter-output>
          </reporter-output>
        </test-method> <!-- init -->
        <test-method status="FAIL" signature="testInit(java.lang.String)[pri:0, instance:com.microsoft.mysearch.qa.pages.HomePageTest@4e04a765]" name="testInit" is-config="true" duration-ms="0" started-at="2016-08-12T14:04:32Z" finished-at="2016-08-12T14:04:32Z">
          <params>
            <param index="0">
              <value>
                <![CDATA[/]]>
              </value>
            </param>
          </params>
          <exception class="org.openqa.selenium.WebDriverException">
            <message>
              <![CDATA[java.net.MalformedURLException: no protocol: /
Build info: version: '2.48.2', revision: '41bccdd10cf2c0560f637404c2d96164b67d9d67', time: '2015-10-09 13:08:06'
System info: host: 'milans-mac-mini.guest.corp.microsoft.com', ip: '10.166.147.41', os.name: 'Mac OS X', os.arch: 'x86_64', os.version: '10.11.6', java.version: '1.8.0_102'
Driver info: driver.version: HtmlUnitDriver]]>
            </message>
            <full-stacktrace>
              <![CDATA[org.openqa.selenium.WebDriverException: java.net.MalformedURLException: no protocol: /
Build info: version: '2.48.2', revision: '41bccdd10cf2c0560f637404c2d96164b67d9d67', time: '2015-10-09 13:08:06'
System info: host: 'milans-mac-mini.guest.corp.microsoft.com', ip: '10.166.147.41', os.name: 'Mac OS X', os.arch: 'x86_64', os.version: '10.11.6', java.version: '1.8.0_102'
Driver info: driver.version: HtmlUnitDriver
	at org.openqa.selenium.htmlunit.HtmlUnitDriver.get(HtmlUnitDriver.java:527)
	at com.microsoft.mysearch.qa.pages.HomePageTest.testInit(HomePageTest.java:18)
	at sun.reflect.NativeMethodAccessorImpl.invoke0(Native Method)
	at sun.reflect.NativeMethodAccessorImpl.invoke(NativeMethodAccessorImpl.java:62)
	at sun.reflect.DelegatingMethodAccessorImpl.invoke(DelegatingMethodAccessorImpl.java:43)
	at java.lang.reflect.Method.invoke(Method.java:498)
	at org.testng.internal.MethodInvocationHelper.invokeMethod(MethodInvocationHelper.java:85)
	at org.testng.internal.Invoker.invokeConfigurationMethod(Invoker.java:510)
	at org.testng.internal.Invoker.invokeConfigurations(Invoker.java:211)
	at org.testng.internal.Invoker.invokeConfigurations(Invoker.java:138)
	at org.testng.internal.TestMethodWorker.invokeBeforeClassMethods(TestMethodWorker.java:170)
	at org.testng.internal.TestMethodWorker.run(TestMethodWorker.java:104)
	at org.testng.TestRunner.privateRun(TestRunner.java:773)
	at org.testng.TestRunner.run(TestRunner.java:623)
	at org.testng.SuiteRunner.runTest(SuiteRunner.java:357)
	at org.testng.SuiteRunner.runSequentially(SuiteRunner.java:352)
	at org.testng.SuiteRunner.privateRun(SuiteRunner.java:310)
	at org.testng.SuiteRunner.run(SuiteRunner.java:259)
	at org.testng.SuiteRunnerWorker.runSuite(SuiteRunnerWorker.java:52)
	at org.testng.SuiteRunnerWorker.run(SuiteRunnerWorker.java:86)
	at org.testng.TestNG.runSuitesSequentially(TestNG.java:1185)
	at org.testng.TestNG.runSuitesLocally(TestNG.java:1110)
	at org.testng.TestNG.run(TestNG.java:1018)
	at org.apache.maven.surefire.testng.TestNGExecutor.run(TestNGExecutor.java:295)
	at org.apache.maven.surefire.testng.TestNGXmlTestSuite.execute(TestNGXmlTestSuite.java:84)
	at org.apache.maven.surefire.testng.TestNGProvider.invoke(TestNGProvider.java:90)
	at org.apache.maven.surefire.booter.ForkedBooter.invokeProviderInSameClassLoader(ForkedBooter.java:203)
	at org.apache.maven.surefire.booter.ForkedBooter.runSuitesInProcess(ForkedBooter.java:155)
	at org.apache.maven.surefire.booter.ForkedBooter.main(ForkedBooter.java:103)
Caused by: java.net.MalformedURLException: no protocol: /
	at java.net.URL.<init>(URL.java:593)
	at java.net.URL.<init>(URL.java:490)
	at java.net.URL.<init>(URL.java:439)
	at org.openqa.selenium.htmlunit.HtmlUnitDriver.get(HtmlUnitDriver.java:525)
	... 28 more
]]>
            </full-stacktrace>
          </exception> <!-- org.openqa.selenium.WebDriverException -->
          <reporter-output>
          </reporter-output>
        </test-method> <!-- testInit -->
        <test-method status="SKIP" signature="test2()[pri:0, instance:com.microsoft.mysearch.qa.pages.HomePageTest@4e04a765]" name="test2" duration-ms="0" started-at="2016-08-12T14:04:32Z" finished-at="2016-08-12T14:04:32Z">
          <reporter-output>
          </reporter-output>
        </test-method> <!-- test2 -->
        <test-method status="SKIP" signature="setScreenshot(org.testng.ITestResult)[pri:0, instance:com.microsoft.mysearch.qa.pages.HomePageTest@4e04a765]" name="setScreenshot" is-config="true" duration-ms="0" started-at="2016-08-12T14:04:32Z" finished-at="2016-08-12T14:04:32Z">
          <reporter-output>
          </reporter-output>
        </test-method> <!-- setScreenshot -->
        <test-method status="SKIP" signature="testH1Existing()[pri:0, instance:com.microsoft.mysearch.qa.pages.HomePageTest@4e04a765]" name="testH1Existing" duration-ms="0" started-at="2016-08-12T14:04:32Z" finished-at="2016-08-12T14:04:32Z">
          <reporter-output>
          </reporter-output>
        </test-method> <!-- testH1Existing -->
        <test-method status="SKIP" signature="setScreenshot(org.testng.ITestResult)[pri:0, instance:com.microsoft.mysearch.qa.pages.HomePageTest@4e04a765]" name="setScreenshot" is-config="true" duration-ms="0" started-at="2016-08-12T14:04:32Z" finished-at="2016-08-12T14:04:32Z">
          <reporter-output>
          </reporter-output>
        </test-method> <!-- setScreenshot -->
        <test-method status="PASS" signature="tearDown()[pri:0, instance:com.microsoft.mysearch.qa.pages.HomePageTest@4e04a765]" name="tearDown" is-config="true" duration-ms="1" started-at="2016-08-12T14:04:32Z" finished-at="2016-08-12T14:04:32Z">
          <reporter-output>
          </reporter-output>
        </test-method> <!-- tearDown -->
      </class> <!-- com.microsoft.mysearch.qa.pages.HomePageTest -->
    </test> <!-- Test1 -->
  </suite> <!-- Tests -->
</testng-results>
